<?xml version="1.0" encoding="UTF-8"?>
<!-- Generated by org.testng.reporters.JUnitReportReporter -->
<testsuite hostname="SVS" failures="0" tests="2" name="com.gmoonline.ValidatingAlerts" time="16.782" errors="0" timestamp="2022-08-05T08:05:04 PDT" skipped="0">
  <testcase classname="com.gmoonline.ValidatingAlerts" name="Alertvalidation" time="1.282"/>
  <system-out/>
  <testcase classname="com.gmoonline.ValidatingAlerts" name="validationtypesofalerts" time="15.500"/>
  <system-out/>
</testsuite> <!-- com.gmoonline.ValidatingAlerts -->
