<?xml version="1.0" encoding="UTF-8"?>
<!-- Generated by org.testng.reporters.JUnitReportReporter -->
<testsuite hostname="SVS" failures="0" tests="2" name="com.gmoonline.Gmoonline" time="1.399" errors="0" timestamp="2022-08-05T08:05:29 PDT" skipped="0">
  <testcase classname="com.gmoonline.Gmoonline" name="GmoOnlineLoaded" time="0.020"/>
  <system-out/>
  <testcase classname="com.gmoonline.Gmoonline" name="ValidateEnterGmoOnline" time="1.379"/>
  <system-out/>
</testsuite> <!-- com.gmoonline.Gmoonline -->
